# JRE version: OpenJDK Runtime Environment (8.0_242-b01) (build 1.8.0_242-release-1644-b01)
# Java VM: OpenJDK 64-Bit Server VM (25.242-b01 mixed mode windows-amd64 compressed oops)
Heap:
 PSYoungGen      total 116224K, used 20563K [0x00000000d5580000, 0x00000000dd380000, 0x0000000100000000)
  eden space 105472K, 9% used [0x00000000d5580000,0x00000000d5f1cd28,0x00000000dbc80000)
  from space 10752K, 99% used [0x00000000dc900000,0x00000000dd3780e8,0x00000000dd380000)
  to   space 11776K, 0% used [0x00000000dbc80000,0x00000000dbc80000,0x00000000dc800000)
 ParOldGen       total 96256K, used 15485K [0x0000000080000000, 0x0000000085e00000, 0x00000000d5580000)
  object space 96256K, 16% used [0x0000000080000000,0x0000000080f1f740,0x0000000085e00000)
 Metaspace       used 42641K, capacity 43884K, committed 44208K, reserved 1087488K
  class space    used 5724K, capacity 6037K, committed 6064K, reserved 1048576K
GC Heap History (10 events):
Event: 2.564 GC heap before
{Heap before GC invocations=6 (full 1):
 PSYoungGen      total 76288K, used 65536K [0x00000000d5580000, 0x00000000daa80000, 0x0000000100000000)
  eden space 65536K, 100% used [0x00000000d5580000,0x00000000d9580000,0x00000000d9580000)
  from space 10752K, 0% used [0x00000000da000000,0x00000000da000000,0x00000000daa80000)
  to   space 10752K, 0% used [0x00000000d9580000,0x00000000d9580000,0x00000000da000000)
 ParOldGen       total 96256K, used 7183K [0x0000000080000000, 0x0000000085e00000, 0x00000000d5580000)
  object space 96256K, 7% used [0x0000000080000000,0x0000000080703ea8,0x0000000085e00000)
 Metaspace       used 28032K, capacity 28752K, committed 28976K, reserved 1075200K
  class space    used 3868K, capacity 4107K, committed 4144K, reserved 1048576K
Event: 2.568 GC heap after
Heap after GC invocations=6 (full 1):
 PSYoungGen      total 76288K, used 7858K [0x00000000d5580000, 0x00000000dd500000, 0x0000000100000000)
  eden space 65536K, 0% used [0x00000000d5580000,0x00000000d5580000,0x00000000d9580000)
  from space 10752K, 73% used [0x00000000d9580000,0x00000000d9d2cb48,0x00000000da000000)
  to   space 12288K, 0% used [0x00000000dc900000,0x00000000dc900000,0x00000000dd500000)
 ParOldGen       total 96256K, used 7191K [0x0000000080000000, 0x0000000085e00000, 0x00000000d5580000)
  object space 96256K, 7% used [0x0000000080000000,0x0000000080705ea8,0x0000000085e00000)
 Metaspace       used 28032K, capacity 28752K, committed 28976K, reserved 1075200K
  class space    used 3868K, capacity 4107K, committed 4144K, reserved 1048576K
}
Event: 2.995 GC heap before
{Heap before GC invocations=7 (full 1):
 PSYoungGen      total 76288K, used 73394K [0x00000000d5580000, 0x00000000dd500000, 0x0000000100000000)
  eden space 65536K, 100% used [0x00000000d5580000,0x00000000d9580000,0x00000000d9580000)
  from space 10752K, 73% used [0x00000000d9580000,0x00000000d9d2cb48,0x00000000da000000)
  to   space 12288K, 0% used [0x00000000dc900000,0x00000000dc900000,0x00000000dd500000)
 ParOldGen       total 96256K, used 7191K [0x0000000080000000, 0x0000000085e00000, 0x00000000d5580000)
  object space 96256K, 7% used [0x0000000080000000,0x0000000080705ea8,0x0000000085e00000)
 Metaspace       used 32101K, capacity 33078K, committed 33328K, reserved 1077248K
  class space    used 4354K, capacity 4628K, committed 4656K, reserved 1048576K
Event: 3.002 GC heap after
Heap after GC invocations=7 (full 1):
 PSYoungGen      total 116224K, used 8237K [0x00000000d5580000, 0x00000000dd380000, 0x0000000100000000)
  eden space 105472K, 0% used [0x00000000d5580000,0x00000000d5580000,0x00000000dbc80000)
  from space 10752K, 76% used [0x00000000dc900000,0x00000000dd10b430,0x00000000dd380000)
  to   space 11776K, 0% used [0x00000000dbc80000,0x00000000dbc80000,0x00000000dc800000)
 ParOldGen       total 96256K, used 7199K [0x0000000080000000, 0x0000000085e00000, 0x00000000d5580000)
  object space 96256K, 7% used [0x0000000080000000,0x0000000080707ea8,0x0000000085e00000)
 Metaspace       used 32101K, capacity 33078K, committed 33328K, reserved 1077248K
  class space    used 4354K, capacity 4628K, committed 4656K, reserved 1048576K
}
Event: 3.229 GC heap before
{Heap before GC invocations=8 (full 1):
 PSYoungGen      total 116224K, used 33582K [0x00000000d5580000, 0x00000000dd380000, 0x0000000100000000)
  eden space 105472K, 24% used [0x00000000d5580000,0x00000000d6e406e8,0x00000000dbc80000)
  from space 10752K, 76% used [0x00000000dc900000,0x00000000dd10b430,0x00000000dd380000)
  to   space 11776K, 0% used [0x00000000dbc80000,0x00000000dbc80000,0x00000000dc800000)
 ParOldGen       total 96256K, used 7199K [0x0000000080000000, 0x0000000085e00000, 0x00000000d5580000)
  object space 96256K, 7% used [0x0000000080000000,0x0000000080707ea8,0x0000000085e00000)
 Metaspace       used 34407K, capacity 35424K, committed 35496K, reserved 1079296K
  class space    used 4610K, capacity 4873K, committed 4912K, reserved 1048576K
Event: 3.235 GC heap after
Heap after GC invocations=8 (full 1):
 PSYoungGen      total 117248K, used 8228K [0x00000000d5580000, 0x00000000dd380000, 0x0000000100000000)
  eden space 105472K, 0% used [0x00000000d5580000,0x00000000d5580000,0x00000000dbc80000)
  from space 11776K, 69% used [0x00000000dbc80000,0x00000000dc4890e8,0x00000000dc800000)
  to   space 10752K, 0% used [0x00000000dc900000,0x00000000dc900000,0x00000000dd380000)
 ParOldGen       total 96256K, used 7207K [0x0000000080000000, 0x0000000085e00000, 0x00000000d5580000)
  object space 96256K, 7% used [0x0000000080000000,0x0000000080709ea8,0x0000000085e00000)
 Metaspace       used 34407K, capacity 35424K, committed 35496K, reserved 1079296K
  class space    used 4610K, capacity 4873K, committed 4912K, reserved 1048576K
}
Event: 3.235 GC heap before
{Heap before GC invocations=9 (full 2):
 PSYoungGen      total 117248K, used 8228K [0x00000000d5580000, 0x00000000dd380000, 0x0000000100000000)
  eden space 105472K, 0% used [0x00000000d5580000,0x00000000d5580000,0x00000000dbc80000)
  from space 11776K, 69% used [0x00000000dbc80000,0x00000000dc4890e8,0x00000000dc800000)
  to   space 10752K, 0% used [0x00000000dc900000,0x00000000dc900000,0x00000000dd380000)
 ParOldGen       total 96256K, used 7207K [0x0000000080000000, 0x0000000085e00000, 0x00000000d5580000)
  object space 96256K, 7% used [0x0000000080000000,0x0000000080709ea8,0x0000000085e00000)
 Metaspace       used 34407K, capacity 35424K, committed 35496K, reserved 1079296K
  class space    used 4610K, capacity 4873K, committed 4912K, reserved 1048576K
Event: 3.270 GC heap after
Heap after GC invocations=9 (full 2):
 PSYoungGen      total 117248K, used 0K [0x00000000d5580000, 0x00000000dd380000, 0x0000000100000000)
  eden space 105472K, 0% used [0x00000000d5580000,0x00000000d5580000,0x00000000dbc80000)
  from space 11776K, 0% used [0x00000000dbc80000,0x00000000dbc80000,0x00000000dc800000)
  to   space 10752K, 0% used [0x00000000dc900000,0x00000000dc900000,0x00000000dd380000)
 ParOldGen       total 96256K, used 14822K [0x0000000080000000, 0x0000000085e00000, 0x00000000d5580000)
  object space 96256K, 15% used [0x0000000080000000,0x0000000080e79bb8,0x0000000085e00000)
 Metaspace       used 34407K, capacity 35424K, committed 35496K, reserved 1079296K
  class space    used 4610K, capacity 4873K, committed 4912K, reserved 1048576K
}
Event: 4.110 GC heap before
{Heap before GC invocations=10 (full 2):
 PSYoungGen      total 117248K, used 105472K [0x00000000d5580000, 0x00000000dd380000, 0x0000000100000000)
  eden space 105472K, 100% used [0x00000000d5580000,0x00000000dbc80000,0x00000000dbc80000)
  from space 11776K, 0% used [0x00000000dbc80000,0x00000000dbc80000,0x00000000dc800000)
  to   space 10752K, 0% used [0x00000000dc900000,0x00000000dc900000,0x00000000dd380000)
 ParOldGen       total 96256K, used 14822K [0x0000000080000000, 0x0000000085e00000, 0x00000000d5580000)
  object space 96256K, 15% used [0x0000000080000000,0x0000000080e79bb8,0x0000000085e00000)
 Metaspace       used 40904K, capacity 42132K, committed 42288K, reserved 1085440K
  class space    used 5529K, capacity 5841K, committed 5936K, reserved 1048576K
Event: 4.117 GC heap after
Heap after GC invocations=10 (full 2):
 PSYoungGen      total 116224K, used 10720K [0x00000000d5580000, 0x00000000dd380000, 0x0000000100000000)
  eden space 105472K, 0% used [0x00000000d5580000,0x00000000d5580000,0x00000000dbc80000)
  from space 10752K, 99% used [0x00000000dc900000,0x00000000dd3780e8,0x00000000dd380000)
  to   space 11776K, 0% used [0x00000000dbc80000,0x00000000dbc80000,0x00000000dc800000)
 ParOldGen       total 96256K, used 15485K [0x0000000080000000, 0x0000000085e00000, 0x00000000d5580000)
  object space 96256K, 16% used [0x0000000080000000,0x0000000080f1f740,0x0000000085e00000)
 Metaspace       used 40904K, capacity 42132K, committed 42288K, reserved 1085440K
  class space    used 5529K, capacity 5841K, committed 5936K, reserved 1048576K
}

