# JRE version: OpenJDK Runtime Environment (8.0_242-b01) (build 1.8.0_242-release-1644-b01)
# Java VM: OpenJDK 64-Bit Server VM (25.242-b01 mixed mode windows-amd64 compressed oops)
Heap:
 PSYoungGen      total 306176K, used 139292K [0x00000000d5580000, 0x00000000eb100000, 0x0000000100000000)
  eden space 293376K, 44% used [0x00000000d5580000,0x00000000dd6485b8,0x00000000e7400000)
  from space 12800K, 57% used [0x00000000e7400000,0x00000000e7b3ee18,0x00000000e8080000)
  to   space 12288K, 0% used [0x00000000ea500000,0x00000000ea500000,0x00000000eb100000)
 ParOldGen       total 128000K, used 13227K [0x0000000080000000, 0x0000000087d00000, 0x00000000d5580000)
  object space 128000K, 10% used [0x0000000080000000,0x0000000080ceacf8,0x0000000087d00000)
 Metaspace       used 36506K, capacity 37600K, committed 37936K, reserved 1081344K
  class space    used 4801K, capacity 5083K, committed 5168K, reserved 1048576K
GC Heap History (10 events):
Event: 8.411 GC heap before
{Heap before GC invocations=9 (full 1):
 PSYoungGen      total 125952K, used 122879K [0x00000000d5580000, 0x00000000e2b80000, 0x0000000100000000)
  eden space 113664K, 100% used [0x00000000d5580000,0x00000000dc480000,0x00000000dc480000)
  from space 12288K, 74% used [0x00000000dc480000,0x00000000dcd7fc48,0x00000000dd080000)
  to   space 12288K, 0% used [0x00000000e1f80000,0x00000000e1f80000,0x00000000e2b80000)
 ParOldGen       total 88576K, used 7129K [0x0000000080000000, 0x0000000085680000, 0x00000000d5580000)
  object space 88576K, 8% used [0x0000000080000000,0x00000000806f6740,0x0000000085680000)
 Metaspace       used 34515K, capacity 35378K, committed 35496K, reserved 1079296K
  class space    used 4583K, capacity 4870K, committed 4912K, reserved 1048576K
Event: 8.415 GC heap after
Heap after GC invocations=9 (full 1):
 PSYoungGen      total 206848K, used 5720K [0x00000000d5580000, 0x00000000e2c00000, 0x0000000100000000)
  eden space 194560K, 0% used [0x00000000d5580000,0x00000000d5580000,0x00000000e1380000)
  from space 12288K, 46% used [0x00000000e1f80000,0x00000000e2516070,0x00000000e2b80000)
  to   space 12288K, 0% used [0x00000000e1380000,0x00000000e1380000,0x00000000e1f80000)
 ParOldGen       total 88576K, used 7137K [0x0000000080000000, 0x0000000085680000, 0x00000000d5580000)
  object space 88576K, 8% used [0x0000000080000000,0x00000000806f8740,0x0000000085680000)
 Metaspace       used 34515K, capacity 35378K, committed 35496K, reserved 1079296K
  class space    used 4583K, capacity 4870K, committed 4912K, reserved 1048576K
}
Event: 8.449 GC heap before
{Heap before GC invocations=10 (full 1):
 PSYoungGen      total 206848K, used 13446K [0x00000000d5580000, 0x00000000e2c00000, 0x0000000100000000)
  eden space 194560K, 3% used [0x00000000d5580000,0x00000000d5d0ba40,0x00000000e1380000)
  from space 12288K, 46% used [0x00000000e1f80000,0x00000000e2516070,0x00000000e2b80000)
  to   space 12288K, 0% used [0x00000000e1380000,0x00000000e1380000,0x00000000e1f80000)
 ParOldGen       total 88576K, used 7137K [0x0000000080000000, 0x0000000085680000, 0x00000000d5580000)
  object space 88576K, 8% used [0x0000000080000000,0x00000000806f8740,0x0000000085680000)
 Metaspace       used 34537K, capacity 35386K, committed 35496K, reserved 1079296K
  class space    used 4586K, capacity 4870K, committed 4912K, reserved 1048576K
Event: 8.455 GC heap after
Heap after GC invocations=10 (full 1):
 PSYoungGen      total 206848K, used 320K [0x00000000d5580000, 0x00000000e9300000, 0x0000000100000000)
  eden space 194560K, 0% used [0x00000000d5580000,0x00000000d5580000,0x00000000e1380000)
  from space 12288K, 2% used [0x00000000e1380000,0x00000000e13d0000,0x00000000e1f80000)
  to   space 13312K, 0% used [0x00000000e8600000,0x00000000e8600000,0x00000000e9300000)
 ParOldGen       total 88576K, used 12530K [0x0000000080000000, 0x0000000085680000, 0x00000000d5580000)
  object space 88576K, 14% used [0x0000000080000000,0x0000000080c3c850,0x0000000085680000)
 Metaspace       used 34537K, capacity 35386K, committed 35496K, reserved 1079296K
  class space    used 4586K, capacity 4870K, committed 4912K, reserved 1048576K
}
Event: 8.455 GC heap before
{Heap before GC invocations=11 (full 2):
 PSYoungGen      total 206848K, used 320K [0x00000000d5580000, 0x00000000e9300000, 0x0000000100000000)
  eden space 194560K, 0% used [0x00000000d5580000,0x00000000d5580000,0x00000000e1380000)
  from space 12288K, 2% used [0x00000000e1380000,0x00000000e13d0000,0x00000000e1f80000)
  to   space 13312K, 0% used [0x00000000e8600000,0x00000000e8600000,0x00000000e9300000)
 ParOldGen       total 88576K, used 12530K [0x0000000080000000, 0x0000000085680000, 0x00000000d5580000)
  object space 88576K, 14% used [0x0000000080000000,0x0000000080c3c850,0x0000000085680000)
 Metaspace       used 34537K, capacity 35386K, committed 35496K, reserved 1079296K
  class space    used 4586K, capacity 4870K, committed 4912K, reserved 1048576K
Event: 8.576 GC heap after
Heap after GC invocations=11 (full 2):
 PSYoungGen      total 206848K, used 0K [0x00000000d5580000, 0x00000000e9300000, 0x0000000100000000)
  eden space 194560K, 0% used [0x00000000d5580000,0x00000000d5580000,0x00000000e1380000)
  from space 12288K, 0% used [0x00000000e1380000,0x00000000e1380000,0x00000000e1f80000)
  to   space 13312K, 0% used [0x00000000e8600000,0x00000000e8600000,0x00000000e9300000)
 ParOldGen       total 128000K, used 12244K [0x0000000080000000, 0x0000000087d00000, 0x00000000d5580000)
  object space 128000K, 9% used [0x0000000080000000,0x0000000080bf5200,0x0000000087d00000)
 Metaspace       used 34525K, capacity 35374K, committed 35496K, reserved 1079296K
  class space    used 4582K, capacity 4866K, committed 4912K, reserved 1048576K
}
Event: 10.097 GC heap before
{Heap before GC invocations=12 (full 2):
 PSYoungGen      total 206848K, used 194560K [0x00000000d5580000, 0x00000000e9300000, 0x0000000100000000)
  eden space 194560K, 100% used [0x00000000d5580000,0x00000000e1380000,0x00000000e1380000)
  from space 12288K, 0% used [0x00000000e1380000,0x00000000e1380000,0x00000000e1f80000)
  to   space 13312K, 0% used [0x00000000e8600000,0x00000000e8600000,0x00000000e9300000)
 ParOldGen       total 128000K, used 12244K [0x0000000080000000, 0x0000000087d00000, 0x00000000d5580000)
  object space 128000K, 9% used [0x0000000080000000,0x0000000080bf5200,0x0000000087d00000)
 Metaspace       used 34952K, capacity 35876K, committed 36272K, reserved 1081344K
  class space    used 4623K, capacity 4920K, committed 5040K, reserved 1048576K
Event: 10.101 GC heap after
Heap after GC invocations=12 (full 2):
 PSYoungGen      total 264704K, used 6949K [0x00000000d5580000, 0x00000000e8d00000, 0x0000000100000000)
  eden space 257536K, 0% used [0x00000000d5580000,0x00000000d5580000,0x00000000e5100000)
  from space 7168K, 96% used [0x00000000e8600000,0x00000000e8cc9698,0x00000000e8d00000)
  to   space 12800K, 0% used [0x00000000e7400000,0x00000000e7400000,0x00000000e8080000)
 ParOldGen       total 128000K, used 12252K [0x0000000080000000, 0x0000000087d00000, 0x00000000d5580000)
  object space 128000K, 9% used [0x0000000080000000,0x0000000080bf7200,0x0000000087d00000)
 Metaspace       used 34952K, capacity 35876K, committed 36272K, reserved 1081344K
  class space    used 4623K, capacity 4920K, committed 5040K, reserved 1048576K
}
Event: 11.484 GC heap before
{Heap before GC invocations=13 (full 2):
 PSYoungGen      total 264704K, used 264485K [0x00000000d5580000, 0x00000000e8d00000, 0x0000000100000000)
  eden space 257536K, 100% used [0x00000000d5580000,0x00000000e5100000,0x00000000e5100000)
  from space 7168K, 96% used [0x00000000e8600000,0x00000000e8cc9698,0x00000000e8d00000)
  to   space 12800K, 0% used [0x00000000e7400000,0x00000000e7400000,0x00000000e8080000)
 ParOldGen       total 128000K, used 12252K [0x0000000080000000, 0x0000000087d00000, 0x00000000d5580000)
  object space 128000K, 9% used [0x0000000080000000,0x0000000080bf7200,0x0000000087d00000)
 Metaspace       used 34963K, capacity 35876K, committed 36272K, reserved 1081344K
  class space    used 4623K, capacity 4920K, committed 5040K, reserved 1048576K
Event: 11.489 GC heap after
Heap after GC invocations=13 (full 2):
 PSYoungGen      total 306176K, used 7419K [0x00000000d5580000, 0x00000000eb100000, 0x0000000100000000)
  eden space 293376K, 0% used [0x00000000d5580000,0x00000000d5580000,0x00000000e7400000)
  from space 12800K, 57% used [0x00000000e7400000,0x00000000e7b3ee18,0x00000000e8080000)
  to   space 12288K, 0% used [0x00000000ea500000,0x00000000ea500000,0x00000000eb100000)
 ParOldGen       total 128000K, used 13227K [0x0000000080000000, 0x0000000087d00000, 0x00000000d5580000)
  object space 128000K, 10% used [0x0000000080000000,0x0000000080ceacf8,0x0000000087d00000)
 Metaspace       used 34963K, capacity 35876K, committed 36272K, reserved 1081344K
  class space    used 4623K, capacity 4920K, committed 5040K, reserved 1048576K
}

